SF:lib\upnp\src\control\control_error.dart
DA:7,1
LF:1
LH:1
end_of_record
SF:lib\upnp\src\control\control_fault.dart
DA:7,3
DA:12,2
DA:13,2
DA:14,2
DA:15,2
DA:16,2
DA:17,2
DA:18,2
DA:20,4
DA:21,4
DA:23,2
DA:26,1
DA:27,3
DA:30,2
DA:31,2
DA:32,2
DA:33,2
DA:34,6
DA:36,4
LF:19
LH:19
end_of_record
SF:lib\upnp\src\control\control_response.dart
DA:7,3
DA:12,2
DA:13,2
DA:14,2
DA:15,2
DA:16,2
DA:17,6
DA:19,6
DA:20,4
DA:23,2
DA:24,4
DA:28,1
DA:29,3
LF:13
LH:13
end_of_record
SF:lib\upnp\src\control\action_request.dart
DA:8,2
DA:14,1
DA:15,4
LF:3
LH:3
end_of_record
SF:lib\upnp\src\control\action_request_builder.dart
DA:18,1
DA:20,1
DA:21,3
DA:22,0
DA:23,1
DA:25,1
DA:29,1
DA:30,1
DA:31,1
DA:32,1
DA:33,2
DA:37,1
DA:42,1
DA:44,2
DA:46,1
DA:47,2
DA:48,2
DA:52,2
DA:54,1
DA:57,1
DA:62,3
DA:64,1
DA:66,3
DA:67,4
DA:68,2
DA:69,1
DA:72,1
LF:27
LH:26
end_of_record
SF:lib\upnp\src\control\control_point.dart
DA:8,1
DA:12,2
DA:14,1
DA:17,2
DA:18,1
DA:19,1
DA:20,1
DA:23,2
DA:25,1
DA:26,2
DA:28,3
DA:31,1
LF:12
LH:12
end_of_record
SF:lib\upnp\src\messages.dart
DA:22,0
DA:28,0
DA:34,0
DA:35,0
DA:42,0
DA:43,0
DA:51,0
DA:52,0
DA:56,0
DA:59,0
DA:60,0
DA:66,0
DA:68,0
DA:70,0
DA:73,0
DA:75,0
DA:78,0
DA:79,0
DA:80,0
DA:81,0
DA:82,0
LF:21
LH:0
end_of_record
SF:lib\upnp\src\upnp\device.dart
DA:7,0
DA:20,0
DA:32,0
DA:39,0
DA:44,0
DA:45,0
DA:46,0
DA:47,0
DA:58,0
DA:65,0
DA:67,0
DA:70,0
DA:71,0
DA:73,0
DA:74,0
DA:75,0
DA:76,0
DA:77,0
DA:79,0
DA:134,0
DA:152,0
DA:153,0
DA:155,0
DA:156,0
DA:158,0
DA:159,0
DA:160,0
DA:161,0
DA:163,0
DA:164,0
DA:165,0
DA:166,0
DA:167,0
DA:168,0
DA:169,0
DA:170,0
DA:171,0
DA:172,0
DA:176,0
DA:177,0
DA:181,0
DA:182,0
DA:187,0
DA:195,0
DA:197,0
DA:198,0
DA:199,0
DA:201,0
DA:224,0
DA:233,0
DA:234,0
DA:235,0
DA:236,0
DA:237,0
DA:239,0
DA:241,0
DA:242,0
DA:243,0
DA:244,0
DA:245,0
DA:246,0
DA:247,0
DA:257,0
DA:263,0
DA:264,0
DA:266,0
DA:268,0
DA:269,0
DA:273,0
DA:275,0
DA:297,0
DA:305,0
DA:306,0
DA:307,0
DA:308,0
DA:309,0
DA:310,0
DA:311,0
DA:323,0
DA:331,0
DA:333,0
DA:336,0
DA:337,0
DA:339,0
DA:341,0
DA:342,0
DA:343,0
DA:345,0
DA:346,0
DA:348,0
DA:350,0
DA:351,0
DA:361,0
DA:365,0
DA:366,0
DA:367,0
DA:379,0
DA:384,0
DA:387,0
DA:388,0
DA:389,0
DA:390,0
DA:401,0
DA:407,0
DA:409,0
DA:412,0
DA:413,0
DA:418,0
DA:422,0
DA:424,0
DA:425,0
DA:426,0
DA:427,0
DA:428,0
DA:430,0
DA:432,0
DA:434,0
DA:436,0
DA:438,0
DA:440,0
DA:442,0
DA:455,0
DA:462,0
DA:463,0
DA:464,0
DA:465,0
DA:466,0
DA:467,0
DA:494,0
DA:504,0
DA:505,0
DA:506,0
DA:507,0
DA:509,0
DA:510,0
DA:511,0
DA:512,0
DA:513,0
DA:514,0
DA:515,0
DA:516,0
DA:518,0
DA:521,0
DA:527,0
DA:528,0
DA:529,0
DA:530,0
DA:531,0
DA:532,0
DA:533,0
DA:648,0
DA:654,0
DA:655,0
DA:657,0
DA:658,0
DA:659,0
DA:660,0
DA:665,0
DA:670,0
LF:159
LH:0
end_of_record
SF:lib\upnp\src\ssdp\search_target.dart
DA:6,0
DA:7,0
DA:8,0
DA:9,0
DA:10,0
DA:11,0
DA:12,0
DA:13,0
DA:14,0
LF:9
LH:0
end_of_record
SF:lib\upnp\src\upnp\upnp_server.dart
DA:10,0
DA:11,0
DA:15,0
DA:18,0
DA:22,0
DA:23,0
DA:24,0
DA:26,0
DA:36,0
DA:40,0
DA:42,0
DA:44,0
DA:45,0
DA:48,0
DA:54,0
DA:58,0
DA:63,0
DA:68,0
DA:69,0
DA:70,0
DA:71,0
DA:72,0
DA:78,0
DA:79,0
DA:80,0
DA:81,0
DA:88,0
DA:95,0
DA:100,0
DA:101,0
DA:102,0
DA:110,0
DA:111,0
DA:112,0
DA:120,0
DA:127,0
DA:131,0
DA:133,0
DA:134,0
DA:139,0
DA:140,0
DA:142,0
DA:148,0
DA:151,0
DA:152,0
LF:45
LH:0
end_of_record
SF:lib\upnp\src\user_agent.dart
DA:9,0
DA:13,0
DA:14,0
DA:16,0
DA:17,0
DA:19,0
DA:22,0
DA:23,0
DA:24,0
DA:25,0
DA:26,0
DA:29,0
DA:37,0
DA:39,0
DA:41,0
DA:46,0
DA:48,0
DA:50,0
LF:18
LH:0
end_of_record
SF:lib\upnp\src\defaults.dart
DA:10,0
LF:1
LH:0
end_of_record
SF:lib\upnp\src\ssdp\ssdp_server.dart
DA:3,0
DA:4,0
DA:8,0
DA:9,0
DA:10,0
DA:11,0
DA:26,0
DA:29,0
DA:32,0
DA:33,0
DA:37,0
DA:39,0
DA:40,0
DA:43,0
DA:47,0
DA:50,0
DA:51,0
DA:54,0
DA:55,0
DA:56,0
DA:59,0
DA:60,0
DA:62,0
DA:63,0
DA:64,0
DA:65,0
DA:66,0
DA:69,0
DA:77,0
DA:82,0
DA:86,0
DA:87,0
DA:91,0
DA:92,0
DA:93,0
DA:94,0
DA:97,0
DA:99,0
DA:100,0
DA:101,0
DA:102,0
DA:105,0
DA:106,0
DA:111,0
DA:113,0
DA:115,0
DA:118,0
DA:119,0
DA:122,0
DA:123,0
DA:127,0
DA:129,0
DA:130,0
DA:135,0
DA:138,0
DA:143,0
DA:147,0
DA:149,0
DA:150,0
DA:151,0
DA:152,0
DA:153,0
DA:155,0
DA:157,0
DA:160,0
DA:161,0
DA:165,0
DA:167,0
DA:168,0
DA:173,0
DA:176,0
DA:177,0
DA:184,0
LF:73
LH:0
end_of_record
SF:lib\upnp\src\ssdp\client.dart
DA:8,0
DA:11,0
DA:12,0
DA:15,0
DA:18,0
DA:19,0
DA:22,0
DA:25,0
DA:28,0
DA:31,0
DA:33,0
DA:35,0
DA:36,0
DA:37,0
DA:39,0
DA:40,0
DA:42,0
DA:43,0
DA:44,0
DA:45,0
DA:49,0
DA:52,0
DA:54,0
LF:23
LH:0
end_of_record
SF:lib\upnp\src\ssdp\m_search_request.dart
DA:19,0
DA:32,0
DA:37,0
DA:39,0
DA:41,0
DA:42,0
DA:49,0
DA:51,0
DA:53,0
LF:9
LH:0
end_of_record
