SF:lib/src/ssdp/ssdp_server.dart
DA:3,6
DA:4,3
DA:8,2
DA:9,6
DA:10,2
DA:11,1
DA:23,0
DA:25,0
DA:32,0
DA:33,0
DA:34,0
DA:38,0
DA:43,0
DA:44,0
DA:47,0
DA:49,0
DA:50,0
DA:51,0
DA:52,0
DA:54,0
DA:57,0
DA:58,0
DA:59,0
DA:61,0
DA:64,0
DA:65,0
DA:66,0
DA:68,0
DA:71,0
DA:72,0
DA:73,0
DA:75,0
DA:82,0
DA:86,0
DA:88,0
DA:90,0
DA:93,0
DA:95,0
DA:96,0
DA:97,0
DA:98,0
DA:101,0
DA:103,0
DA:104,0
DA:105,0
DA:110,0
DA:111,0
DA:118,0
DA:119,0
DA:120,0
DA:122,0
DA:123,0
DA:124,0
DA:125,0
LF:54
LH:6
end_of_record
SF:lib/src/ssdp/search_target.dart
DA:6,0
DA:7,0
DA:8,0
DA:9,0
DA:10,0
DA:11,0
DA:12,0
DA:13,0
DA:14,0
DA:15,0
LF:10
LH:0
end_of_record
SF:lib/src/ssdp/socket_builder.dart
DA:13,11
DA:15,0
DA:20,0
DA:24,0
DA:32,5
DA:34,1
DA:41,2
DA:42,1
DA:43,1
DA:44,1
DA:45,1
DA:46,1
DA:48,1
DA:51,1
DA:53,2
DA:56,1
DA:57,1
DA:61,2
DA:63,1
DA:64,1
LF:20
LH:17
end_of_record
SF:lib/src/ssdp/device.dart
DA:8,0
DA:11,0
DA:12,0
DA:15,0
DA:18,0
DA:19,0
DA:22,0
DA:25,0
DA:28,0
DA:31,0
DA:33,0
DA:35,0
DA:36,0
DA:37,0
DA:39,0
DA:40,0
DA:42,0
DA:43,0
DA:44,0
DA:45,0
DA:49,0
DA:52,0
DA:54,0
DA:57,0
DA:58,0
LF:25
LH:0
end_of_record
SF:lib/src/ssdp/socket_proxy.dart
DA:9,2
DA:11,0
DA:13,1
DA:18,2
DA:24,2
DA:25,6
DA:28,1
DA:29,4
DA:31,1
DA:34,2
DA:35,0
DA:36,0
DA:39,2
DA:41,2
DA:42,0
DA:43,0
DA:48,2
DA:50,0
LF:18
LH:12
end_of_record
SF:lib/src/ssdp/m_search_request.dart
DA:23,1
DA:37,1
DA:42,2
DA:44,1
DA:45,4
DA:51,0
DA:53,1
DA:55,1
LF:8
LH:7
end_of_record
SF:lib/src/defaults.dart
DA:11,0
LF:1
LH:0
end_of_record
SF:lib/src/shared/android_version_strategy.dart
DA:6,0
DA:8,0
DA:10,0
LF:3
LH:0
end_of_record
SF:lib/src/shared/ios_version_strategy.dart
DA:6,0
DA:8,0
DA:10,0
LF:3
LH:0
end_of_record
SF:lib/src/shared/macos_version_strategy.dart
DA:6,0
DA:8,0
DA:10,0
LF:3
LH:0
end_of_record
SF:lib/src/shared/shared.dart
DA:21,3
DA:23,0
DA:25,0
DA:26,0
DA:33,0
LF:5
LH:1
end_of_record
SF:lib/src/shared/network_event.dart
DA:22,1
DA:28,1
DA:34,0
DA:35,0
DA:42,0
DA:44,0
DA:52,0
DA:53,0
DA:57,0
DA:60,0
DA:62,0
DA:68,0
DA:72,0
DA:73,0
DA:75,1
DA:77,1
DA:80,3
DA:82,3
DA:85,0
DA:87,0
DA:88,0
DA:89,0
DA:90,0
LF:23
LH:6
end_of_record
SF:lib/src/shared/user_agent.dart
DA:13,0
DA:17,0
DA:19,0
DA:20,0
DA:22,0
DA:23,0
DA:25,0
DA:28,0
DA:32,0
DA:33,0
DA:34,0
DA:35,0
DA:36,0
DA:37,0
DA:38,0
DA:39,0
DA:40,0
DA:43,0
DA:44,0
LF:19
LH:0
end_of_record
SF:lib/src/shared/windows_version_strategy.dart
DA:6,0
DA:8,0
DA:10,0
LF:3
LH:0
end_of_record
SF:lib/src/control/control_point.dart
DA:8,0
DA:9,0
DA:10,0
DA:12,0
DA:20,1
DA:29,1
DA:34,1
DA:43,1
DA:46,2
DA:47,2
DA:50,2
DA:51,1
DA:52,1
DA:53,1
DA:56,3
DA:58,2
DA:60,1
DA:61,2
DA:63,3
DA:66,1
LF:20
LH:16
end_of_record
SF:lib/src/control/control_error.dart
DA:7,1
LF:1
LH:1
end_of_record
SF:lib/src/control/action_request.dart
DA:8,2
DA:14,1
DA:15,4
DA:37,2
DA:46,0
DA:51,0
DA:53,0
DA:54,0
DA:55,0
DA:56,0
LF:10
LH:4
end_of_record
SF:lib/src/control/control_fault.dart
DA:7,3
DA:12,2
DA:13,2
DA:14,2
DA:15,2
DA:16,2
DA:17,2
DA:18,2
DA:20,4
DA:21,4
DA:23,2
DA:26,1
DA:27,3
DA:30,2
DA:31,2
DA:32,2
DA:33,2
DA:34,6
DA:36,4
LF:19
LH:19
end_of_record
SF:lib/src/control/control_response.dart
DA:7,3
DA:12,2
DA:13,2
DA:14,2
DA:15,2
DA:16,2
DA:17,6
DA:19,6
DA:20,4
DA:23,2
DA:24,4
DA:28,1
DA:29,3
LF:13
LH:13
end_of_record
SF:lib/src/control/action_request_builder.dart
DA:16,5
DA:18,1
DA:19,3
DA:20,0
DA:21,1
DA:23,1
DA:27,1
DA:28,1
DA:29,1
DA:30,1
DA:35,1
DA:39,2
DA:41,1
DA:42,1
DA:43,1
DA:47,2
DA:49,1
DA:50,1
DA:52,2
DA:53,1
DA:57,3
DA:59,1
DA:61,3
DA:62,4
DA:63,3
DA:64,1
DA:67,1
LF:27
LH:26
end_of_record
SF:lib/src/upnp/server.dart
DA:7,0
DA:8,0
DA:9,0
DA:10,0
DA:14,0
DA:21,0
DA:22,0
DA:39,0
DA:42,0
DA:44,0
DA:49,0
DA:50,0
DA:51,0
DA:53,0
DA:58,0
DA:59,0
DA:60,0
DA:63,0
DA:64,0
DA:70,0
DA:71,0
DA:73,0
DA:74,0
DA:76,0
DA:86,0
DA:90,0
DA:91,0
DA:92,0
DA:93,0
DA:94,0
DA:98,0
DA:99,0
DA:102,0
DA:103,0
DA:104,0
DA:105,0
DA:109,0
DA:114,0
DA:125,0
LF:39
LH:0
end_of_record
SF:lib/src/upnp/options.dart
DA:17,0
DA:20,0
LF:2
LH:0
end_of_record
SF:lib/src/upnp/device.dart
DA:7,0
DA:20,0
DA:25,0
DA:34,0
DA:41,0
DA:46,0
DA:47,0
DA:48,0
DA:49,0
DA:60,0
DA:67,0
DA:69,0
DA:72,0
DA:73,0
DA:75,0
DA:76,0
DA:77,0
DA:78,0
DA:79,0
DA:81,0
DA:136,0
DA:154,0
DA:155,0
DA:157,0
DA:158,0
DA:160,0
DA:161,0
DA:162,0
DA:163,0
DA:165,0
DA:166,0
DA:167,0
DA:168,0
DA:169,0
DA:170,0
DA:171,0
DA:172,0
DA:173,0
DA:174,0
DA:178,0
DA:179,0
DA:183,0
DA:184,0
DA:189,0
DA:197,0
DA:199,0
DA:200,0
DA:201,0
DA:203,0
DA:226,0
DA:235,0
DA:236,0
DA:237,0
DA:238,0
DA:239,0
DA:241,0
DA:243,0
DA:244,0
DA:245,0
DA:246,0
DA:247,0
DA:248,0
DA:249,0
DA:259,0
DA:265,0
DA:266,0
DA:268,0
DA:270,0
DA:271,0
DA:275,0
DA:277,0
DA:299,0
DA:307,0
DA:308,0
DA:309,0
DA:310,0
DA:311,0
DA:312,0
DA:313,0
DA:327,0
DA:335,0
DA:337,0
DA:340,0
DA:341,0
DA:343,0
DA:345,0
DA:346,0
DA:347,0
DA:349,0
DA:350,0
DA:352,0
DA:354,0
DA:355,0
DA:359,0
DA:360,0
DA:371,0
DA:375,0
DA:376,0
DA:377,0
DA:391,0
DA:395,0
DA:396,0
DA:397,0
DA:400,0
DA:403,0
DA:408,0
DA:411,0
DA:412,0
DA:413,0
DA:414,0
DA:425,0
DA:431,0
DA:433,0
DA:436,0
DA:437,0
DA:442,0
DA:446,0
DA:448,0
DA:449,0
DA:450,0
DA:451,0
DA:452,0
DA:454,0
DA:456,0
DA:458,0
DA:460,0
DA:462,0
DA:464,0
DA:466,0
DA:479,0
DA:486,0
DA:487,0
DA:488,0
DA:489,0
DA:490,0
DA:491,0
DA:518,0
DA:528,0
DA:529,0
DA:530,0
DA:531,0
DA:533,0
DA:534,0
DA:535,0
DA:536,0
DA:537,0
DA:538,0
DA:539,0
DA:540,0
DA:542,0
DA:545,0
DA:551,0
DA:552,0
DA:553,0
DA:554,0
DA:555,0
DA:556,0
DA:557,0
DA:672,0
DA:678,0
DA:679,0
DA:681,0
DA:682,0
DA:683,0
DA:684,0
DA:689,0
DA:694,0
LF:167
LH:0
end_of_record
SF:lib/src/upnp/device_builder.dart
DA:4,4
DA:6,0
DA:7,0
DA:8,0
DA:16,0
DA:20,0
DA:22,0
DA:23,0
DA:28,0
DA:29,0
DA:31,0
DA:37,0
DA:40,0
DA:41,0
DA:45,0
DA:50,0
DA:51,0
DA:52,0
DA:53,0
DA:54,0
DA:60,0
DA:62,0
DA:63,0
DA:64,0
DA:71,0
DA:78,0
DA:83,0
DA:84,0
DA:85,0
DA:93,0
DA:94,0
DA:95,0
DA:103,0
LF:33
LH:1
end_of_record
